Unity Editor version:    2022.3.18f1 (d29bea25151d)
Branch:                  2022.3/release
Build type:              Release
Batch mode:              YES
macOS version:           Version 14.1.2 (Build 23B92)
Darwin version:          23.1.0
Architecture:            x86_64
Running under Rosetta:   NO
Available memory:        16384 MB
Using pre-set license
Pro License: YES

COMMAND LINE ARGUMENTS:
/Applications/Unity/Hub/Editor/2022.3.18f1/Unity.app/Contents/MacOS/Unity
-adb2
-batchMode
-noUpm
-name
AssetImportWorker1
-projectPath
/Users/hongliu/My project (1)
-logFile
Logs/AssetImportWorker1.log
-srvPort
49953
Successfully changed project path to: /Users/hongliu/My project (1)
/Users/hongliu/My project (1)
[UnityMemory] Configuration Parameters - Can be set up in boot.config
    "memorysetup-bucket-allocator-granularity=16"
    "memorysetup-bucket-allocator-bucket-count=8"
    "memorysetup-bucket-allocator-block-size=33554432"
    "memorysetup-bucket-allocator-block-count=8"
    "memorysetup-main-allocator-block-size=16777216"
    "memorysetup-thread-allocator-block-size=16777216"
    "memorysetup-gfx-main-allocator-block-size=16777216"
    "memorysetup-gfx-thread-allocator-block-size=16777216"
    "memorysetup-cache-allocator-block-size=4194304"
    "memorysetup-typetree-allocator-block-size=2097152"
    "memorysetup-profiler-bucket-allocator-granularity=16"
    "memorysetup-profiler-bucket-allocator-bucket-count=8"
    "memorysetup-profiler-bucket-allocator-block-size=33554432"
    "memorysetup-profiler-bucket-allocator-block-count=8"
    "memorysetup-profiler-allocator-block-size=16777216"
    "memorysetup-profiler-editor-allocator-block-size=1048576"
    "memorysetup-temp-allocator-size-main=16777216"
    "memorysetup-job-temp-allocator-block-size=2097152"
    "memorysetup-job-temp-allocator-block-size-background=1048576"
    "memorysetup-job-temp-allocator-reduction-small-platforms=262144"
    "memorysetup-allocator-temp-initial-block-size-main=262144"
    "memorysetup-allocator-temp-initial-block-size-worker=262144"
    "memorysetup-temp-allocator-size-background-worker=32768"
    "memorysetup-temp-allocator-size-job-worker=262144"
    "memorysetup-temp-allocator-size-preload-manager=33554432"
    "memorysetup-temp-allocator-size-nav-mesh-worker=65536"
    "memorysetup-temp-allocator-size-audio-worker=65536"
    "memorysetup-temp-allocator-size-cloud-worker=32768"
    "memorysetup-temp-allocator-size-gi-baking-worker=262144"
    "memorysetup-temp-allocator-size-gfx=262144"
Player connection [140704380017472] Host "[IP] 10.217.94.95 [Port] 0 [Flags] 2 [Guid] 2294228862 [EditorId] 2294228862 [Version] 1048832 [Id] OSXEditor(0,Hongs-MacBook-Pro.local) [Debug] 1 [PackageName] OSXEditor [ProjectName] Editor" joined multi-casting on [225.0.0.222:54997]...

Player connection [140704380017472] Host "[IP] 10.217.94.95 [Port] 0 [Flags] 2 [Guid] 2294228862 [EditorId] 2294228862 [Version] 1048832 [Id] OSXEditor(0,Hongs-MacBook-Pro.local) [Debug] 1 [PackageName] OSXEditor [ProjectName] Editor" joined alternative multi-casting on [225.0.0.222:34997]...

[Physics::Module] Initialized MultithreadedJobDispatcher with 11 workers.
Refreshing native plugins compatible for Editor in 14.97 ms, found 2 plugins.
Preloading 0 native plugins for Editor in 0.00 ms.
Initialize engine version: 2022.3.18f1 (d29bea25151d)
[Subsystems] Discovering subsystems at path /Applications/Unity/Hub/Editor/2022.3.18f1/Unity.app/Contents/Resources/UnitySubsystems
[Subsystems] Discovering subsystems at path /Users/hongliu/My project (1)/Assets
GfxDevice: creating device client; threaded=0; jobified=0
Color LCD preferred device: AMD Radeon Pro 5300M (high power)
Metal devices available: 2
0: AMD Radeon Pro 5300M (high power)
1: Intel(R) UHD Graphics 630 (low power)
Using device AMD Radeon Pro 5300M (high power)
Initializing Metal device caps: AMD Radeon Pro 5300M
Initialize mono
Mono path[0] = '/Applications/Unity/Hub/Editor/2022.3.18f1/Unity.app/Contents/Managed'
Mono path[1] = '/Applications/Unity/Hub/Editor/2022.3.18f1/Unity.app/Contents/MonoBleedingEdge/lib/mono/unityjit-macos'
Mono config path = '/Applications/Unity/Hub/Editor/2022.3.18f1/Unity.app/Contents/MonoBleedingEdge/etc'
Using monoOptions --debugger-agent=transport=dt_socket,embedding=1,server=y,suspend=n,address=127.0.0.1:56936
Begin MonoManager ReloadAssembly
Registering precompiled unity dll's ...
Register platform support module: /Applications/Unity/Hub/Editor/2022.3.18f1/PlaybackEngines/WebGLSupport/UnityEditor.WebGL.Extensions.dll
Register platform support module: /Applications/Unity/Hub/Editor/2022.3.18f1/Unity.app/Contents/PlaybackEngines/MacStandaloneSupport/UnityEditor.OSXStandalone.Extensions.dll
Registered in 0.007169 seconds.
- Loaded All Assemblies, in  0.698 seconds
Native extension for OSXStandalone target not found
Native extension for WebGL target not found
Mono: successfully reloaded assembly
- Finished resetting the current domain, in  0.519 seconds
Domain Reload Profiling: 1217ms
	BeginReloadAssembly (205ms)
		ExecutionOrderSort (0ms)
		DisableScriptedObjects (0ms)
		BackupInstance (0ms)
		ReleaseScriptingObjects (0ms)
		CreateAndSetChildDomain (1ms)
	RebuildCommonClasses (73ms)
	RebuildNativeTypeToScriptingClass (22ms)
	initialDomainReloadingComplete (98ms)
	LoadAllAssembliesAndSetupDomain (300ms)
		LoadAssemblies (208ms)
		RebuildTransferFunctionScriptingTraits (0ms)
		AnalyzeDomain (293ms)
			TypeCache.Refresh (289ms)
				TypeCache.ScanAssembly (263ms)
			ScanForSourceGeneratedMonoScriptInfo (1ms)
			ResolveRequiredComponents (1ms)
	FinalizeReload (519ms)
		ReleaseScriptCaches (0ms)
		RebuildScriptCaches (0ms)
		SetupLoadedEditorAssemblies (402ms)
			LogAssemblyErrors (0ms)
			InitializePlatformSupportModulesInManaged (15ms)
			SetLoadedEditorAssemblies (11ms)
			RefreshPlugins (0ms)
			BeforeProcessingInitializeOnLoad (4ms)
			ProcessInitializeOnLoadAttributes (286ms)
			ProcessInitializeOnLoadMethodAttributes (86ms)
			AfterProcessingInitializeOnLoad (0ms)
			EditorAssembliesLoaded (0ms)
		ExecutionOrderSort2 (0ms)
		AwakeInstancesAfterBackupRestoration (0ms)
========================================================================
Worker process is ready to serve import requests
Begin MonoManager ReloadAssembly
- Loaded All Assemblies, in  1.136 seconds
Refreshing native plugins compatible for Editor in 1.71 ms, found 2 plugins.
Native extension for OSXStandalone target not found
Native extension for WebGL target not found
Package Manager log level set to [2]
[Package Manager] Server::EnsureServerProcessIsRunning -- launch failed, reason: Unity was launched with the -noUpm command-line argument
[Package Manager] UpmClient::Send -- Unable to send message (not connected to UPM process).
[Package Manager] Cannot connect to Unity Package Manager local server
Mono: successfully reloaded assembly
- Finished resetting the current domain, in  1.368 seconds
Domain Reload Profiling: 2505ms
	BeginReloadAssembly (227ms)
		ExecutionOrderSort (0ms)
		DisableScriptedObjects (11ms)
		BackupInstance (0ms)
		ReleaseScriptingObjects (0ms)
		CreateAndSetChildDomain (45ms)
	RebuildCommonClasses (69ms)
	RebuildNativeTypeToScriptingClass (21ms)
	initialDomainReloadingComplete (70ms)
	LoadAllAssembliesAndSetupDomain (749ms)
		LoadAssemblies (516ms)
		RebuildTransferFunctionScriptingTraits (0ms)
		AnalyzeDomain (343ms)
			TypeCache.Refresh (302ms)
				TypeCache.ScanAssembly (274ms)
			ScanForSourceGeneratedMonoScriptInfo (28ms)
			ResolveRequiredComponents (8ms)
	FinalizeReload (1369ms)
		ReleaseScriptCaches (0ms)
		RebuildScriptCaches (0ms)
		SetupLoadedEditorAssemblies (1086ms)
			LogAssemblyErrors (0ms)
			InitializePlatformSupportModulesInManaged (8ms)
			SetLoadedEditorAssemblies (6ms)
			RefreshPlugins (0ms)
			BeforeProcessingInitializeOnLoad (85ms)
			ProcessInitializeOnLoadAttributes (947ms)
			ProcessInitializeOnLoadMethodAttributes (39ms)
			AfterProcessingInitializeOnLoad (2ms)
			EditorAssembliesLoaded (0ms)
		ExecutionOrderSort2 (0ms)
		AwakeInstancesAfterBackupRestoration (7ms)
Launching external process: /Applications/Unity/Hub/Editor/2022.3.18f1/Unity.app/Contents/Tools/UnityShaderCompiler
Launched and connected shader compiler UnityShaderCompiler after 0.13 seconds
Refreshing native plugins compatible for Editor in 1.74 ms, found 2 plugins.
Preloading 0 native plugins for Editor in 0.00 ms.
Unloading 3083 Unused Serialized files (Serialized files now loaded: 0)
Unloading 32 unused Assets / (51.4 KB). Loaded Objects now: 3544.
Memory consumption went from 129.0 MB to 129.0 MB.
Total: 6.728311 ms (FindLiveObjects: 0.298707 ms CreateObjectMapping: 0.272530 ms MarkObjects: 6.013980 ms  DeleteObjects: 0.141792 ms)

AssetImportParameters requested are different than current active one (requested -> active):
  custom:container-demuxer-ogg: 62fdf1f143b41e24485cea50d1cbac27 -> 
  custom:video-decoder-ogg-theora: a1e56fd34408186e4bbccfd4996cb3dc -> 
  custom:CustomObjectIndexerAttribute: 6d391050e5a25f67b0a2c618074f2cd9 -> 
  custom:container-demuxer-webm: 4f35f7cbe854078d1ac9338744f61a02 -> 
  custom:container-muxer-webm: aa71ff27fc2769a1b78a27578f13a17b -> 
  custom:video-decoder-webm-vp8: 9c59270c3fd7afecdb556c50c9e8de78 -> 
  custom:SearchIndexIgnoredProperties: e643bd26f0fe6173181afceb89e7c659 -> 
  custom:AudioImporter_EditorPlatform: 3918e3fc78b5a79bad01e8451be0beb8 -> 
  custom:framework-osx-AVFoundation: e770b220cccbd017edd2c1fefb359320 -> 
  custom:video-encoder-webm-vp8: eb34c28f22e8b96e1ab97ce403110664 -> 
  custom:audio-decoder-ogg-vorbis: bf7c407c2cedff20999df2af8eb42d56 -> 
  custom:audio-encoder-webm-vorbis: bf7c407c2cedff20999df2af8eb42d56 -> 
========================================================================
Received Import Request.
  Time since last request: 5627.416373 seconds.
  path: Assets/Scenes
  artifactKey: Guid(99c3420c3964b443491d4eb3ef2a7f25) Importer(815301076,1909f56bfc062723c751e8b465ee728b)
Start importing Assets/Scenes using Guid(99c3420c3964b443491d4eb3ef2a7f25) Importer(815301076,1909f56bfc062723c751e8b465ee728b)  -> (artifact id: '78fea6d4b553b9afd3f62c5d20a465e4') in 0.002583 seconds
Number of updated asset objects reloaded before import = 0
Number of asset objects unloaded after import = 0
========================================================================
Received Prepare
Begin MonoManager ReloadAssembly
- Loaded All Assemblies, in  0.829 seconds
Refreshing native plugins compatible for Editor in 1.76 ms, found 2 plugins.
Native extension for OSXStandalone target not found
Native extension for WebGL target not found
[Package Manager] Server::EnsureServerProcessIsRunning -- launch failed, reason: Unity was launched with the -noUpm command-line argument
[Package Manager] UpmClient::Send -- Unable to send message (not connected to UPM process).
[Package Manager] Cannot connect to Unity Package Manager local server
Mono: successfully reloaded assembly
- Finished resetting the current domain, in  1.944 seconds
Domain Reload Profiling: 2773ms
	BeginReloadAssembly (292ms)
		ExecutionOrderSort (0ms)
		DisableScriptedObjects (14ms)
		BackupInstance (0ms)
		ReleaseScriptingObjects (0ms)
		CreateAndSetChildDomain (84ms)
	RebuildCommonClasses (67ms)
	RebuildNativeTypeToScriptingClass (22ms)
	initialDomainReloadingComplete (39ms)
	LoadAllAssembliesAndSetupDomain (408ms)
		LoadAssemblies (504ms)
		RebuildTransferFunctionScriptingTraits (0ms)
		AnalyzeDomain (39ms)
			TypeCache.Refresh (13ms)
				TypeCache.ScanAssembly (0ms)
			ScanForSourceGeneratedMonoScriptInfo (13ms)
			ResolveRequiredComponents (9ms)
	FinalizeReload (1945ms)
		ReleaseScriptCaches (0ms)
		RebuildScriptCaches (0ms)
		SetupLoadedEditorAssemblies (932ms)
			LogAssemblyErrors (0ms)
			InitializePlatformSupportModulesInManaged (8ms)
			SetLoadedEditorAssemblies (13ms)
			RefreshPlugins (0ms)
			BeforeProcessingInitializeOnLoad (85ms)
			ProcessInitializeOnLoadAttributes (791ms)
			ProcessInitializeOnLoadMethodAttributes (34ms)
			AfterProcessingInitializeOnLoad (2ms)
			EditorAssembliesLoaded (0ms)
		ExecutionOrderSort2 (0ms)
		AwakeInstancesAfterBackupRestoration (6ms)
Refreshing native plugins compatible for Editor in 1.65 ms, found 2 plugins.
Preloading 0 native plugins for Editor in 0.00 ms.
Unloading 3081 Unused Serialized files (Serialized files now loaded: 0)
Unloading 25 unused Assets / (0.8 MB). Loaded Objects now: 3551.
Memory consumption went from 138.7 MB to 137.9 MB.
Total: 6.004694 ms (FindLiveObjects: 0.339853 ms CreateObjectMapping: 0.381365 ms MarkObjects: 4.921937 ms  DeleteObjects: 0.359824 ms)

Prepare: number of updated asset objects reloaded= 0
AssetImportParameters requested are different than current active one (requested -> active):
  custom:container-demuxer-ogg: 62fdf1f143b41e24485cea50d1cbac27 -> 
  custom:video-decoder-ogg-theora: a1e56fd34408186e4bbccfd4996cb3dc -> 
  custom:CustomObjectIndexerAttribute: 6d391050e5a25f67b0a2c618074f2cd9 -> 
  custom:container-demuxer-webm: 4f35f7cbe854078d1ac9338744f61a02 -> 
  custom:container-muxer-webm: aa71ff27fc2769a1b78a27578f13a17b -> 
  custom:video-decoder-webm-vp8: 9c59270c3fd7afecdb556c50c9e8de78 -> 
  custom:SearchIndexIgnoredProperties: e643bd26f0fe6173181afceb89e7c659 -> 
  custom:AudioImporter_EditorPlatform: 3918e3fc78b5a79bad01e8451be0beb8 -> 
  custom:framework-osx-AVFoundation: e770b220cccbd017edd2c1fefb359320 -> 
  custom:video-encoder-webm-vp8: eb34c28f22e8b96e1ab97ce403110664 -> 
  custom:audio-decoder-ogg-vorbis: bf7c407c2cedff20999df2af8eb42d56 -> 
  custom:audio-encoder-webm-vorbis: bf7c407c2cedff20999df2af8eb42d56 -> 
========================================================================
Received Import Request.
  Time since last request: 2233.267348 seconds.
  path: Assets/Scenes/SampleScene.unity
  artifactKey: Guid(9fc0d4010bbf28b4594072e72b8655ab) Importer(2089858483,0ecaa5967403d082aa24f35e1b516d23)
Start importing Assets/Scenes/SampleScene.unity using Guid(9fc0d4010bbf28b4594072e72b8655ab) Importer(2089858483,0ecaa5967403d082aa24f35e1b516d23)  -> (artifact id: '9a574647f4f2fed096ab3dc58a99890f') in 0.090721 seconds
Number of updated asset objects reloaded before import = 0
Number of asset objects unloaded after import = 1
========================================================================
Received Import Request.
  Time since last request: 0.000073 seconds.
  path: Assets/AQUAS-Lite/Scripts/AQUAS_Lite_Camera.cs
  artifactKey: Guid(1c79ca230b752ed4689dbf9e2583b1b7) Importer(2089858483,0ecaa5967403d082aa24f35e1b516d23)
Start importing Assets/AQUAS-Lite/Scripts/AQUAS_Lite_Camera.cs using Guid(1c79ca230b752ed4689dbf9e2583b1b7) Importer(2089858483,0ecaa5967403d082aa24f35e1b516d23)  -> (artifact id: 'c1353534d771d937ef35184871926b3f') in 0.043595 seconds
Number of updated asset objects reloaded before import = 0
Number of asset objects unloaded after import = 1
========================================================================
Received Import Request.
  Time since last request: 0.000198 seconds.
  path: Assets/AQUAS-Lite/Demo/Textures/RockGrassy.jpg
  artifactKey: Guid(d64e707b7eb5d144fa11d381b14d1fa1) Importer(2089858483,0ecaa5967403d082aa24f35e1b516d23)
Start importing Assets/AQUAS-Lite/Demo/Textures/RockGrassy.jpg using Guid(d64e707b7eb5d144fa11d381b14d1fa1) Importer(2089858483,0ecaa5967403d082aa24f35e1b516d23)  -> (artifact id: '2111e43ffec62e673a8aa358de240027') in 0.091909 seconds
Number of updated asset objects reloaded before import = 0
Number of asset objects unloaded after import = 1
========================================================================
Received Import Request.
  Time since last request: 0.000103 seconds.
  path: Assets/AQUAS-Lite/Demo/Textures/Cliffs.jpg
  artifactKey: Guid(ea2cf029f996b84418c75102c55065fc) Importer(2089858483,0ecaa5967403d082aa24f35e1b516d23)
Start importing Assets/AQUAS-Lite/Demo/Textures/Cliffs.jpg using Guid(ea2cf029f996b84418c75102c55065fc) Importer(2089858483,0ecaa5967403d082aa24f35e1b516d23)  -> (artifact id: '75fc315c6e52ecf45d0df49913705b06') in 0.025047 seconds
Number of updated asset objects reloaded before import = 0
Number of asset objects unloaded after import = 1
========================================================================
Received Import Request.
  Time since last request: 0.000101 seconds.
  path: Assets/AQUAS-Lite/Textures/Waves_LoRes.png
  artifactKey: Guid(ef5d03cb57f820145b89db1123c104c6) Importer(2089858483,0ecaa5967403d082aa24f35e1b516d23)
Start importing Assets/AQUAS-Lite/Textures/Waves_LoRes.png using Guid(ef5d03cb57f820145b89db1123c104c6) Importer(2089858483,0ecaa5967403d082aa24f35e1b516d23)  -> (artifact id: '5085492b877292c6df9639072fe3556d') in 0.033306 seconds
Number of updated asset objects reloaded before import = 0
Number of asset objects unloaded after import = 1
========================================================================
Received Import Request.
  Time since last request: 0.000185 seconds.
  path: Assets/_TerrainAutoUpgrade/layer_Gravel608c3929b87867c.terrainlayer
  artifactKey: Guid(817edeb585b3f431094d3797d1deb553) Importer(2089858483,0ecaa5967403d082aa24f35e1b516d23)
Start importing Assets/_TerrainAutoUpgrade/layer_Gravel608c3929b87867c.terrainlayer using Guid(817edeb585b3f431094d3797d1deb553) Importer(2089858483,0ecaa5967403d082aa24f35e1b516d23)  -> (artifact id: '31e8509a8b5b6915788066102f526a94') in 0.012900 seconds
Number of updated asset objects reloaded before import = 0
Number of asset objects unloaded after import = 2
========================================================================
Received Import Request.
  Time since last request: 0.000112 seconds.
  path: Assets/AQUAS-Lite/Scripts/AQUAS_Lite_Reflection.cs
  artifactKey: Guid(0294cf6ab82668142b65a8af47752f8c) Importer(2089858483,0ecaa5967403d082aa24f35e1b516d23)
Start importing Assets/AQUAS-Lite/Scripts/AQUAS_Lite_Reflection.cs using Guid(0294cf6ab82668142b65a8af47752f8c) Importer(2089858483,0ecaa5967403d082aa24f35e1b516d23)  -> (artifact id: 'ad440b74d8c8513b019d3aefb164dec9') in 0.004851 seconds
Number of updated asset objects reloaded before import = 0
Number of asset objects unloaded after import = 1
========================================================================
Received Import Request.
  Time since last request: 0.000325 seconds.
  path: Assets/AQUAS-Lite/Models/Materials/WaterSimpleDaylight.mat
  artifactKey: Guid(cb6f3344386d8b44ea69a4d8c453389b) Importer(2089858483,0ecaa5967403d082aa24f35e1b516d23)
Start importing Assets/AQUAS-Lite/Models/Materials/WaterSimpleDaylight.mat using Guid(cb6f3344386d8b44ea69a4d8c453389b) Importer(2089858483,0ecaa5967403d082aa24f35e1b516d23)  -> (artifact id: 'cb0c312e9011dfdebf01560da732ebca') in 0.145354 seconds
Number of updated asset objects reloaded before import = 0
Number of asset objects unloaded after import = 1
========================================================================
Received Import Request.
  Time since last request: 0.000193 seconds.
  path: Assets/AQUAS-Lite/Demo/Textures/Gravel_normal.jpg
  artifactKey: Guid(83aafc05457cf62498959bba131b4ee2) Importer(2089858483,0ecaa5967403d082aa24f35e1b516d23)
Start importing Assets/AQUAS-Lite/Demo/Textures/Gravel_normal.jpg using Guid(83aafc05457cf62498959bba131b4ee2) Importer(2089858483,0ecaa5967403d082aa24f35e1b516d23)  -> (artifact id: 'e434d63d4dc897af4a6e5c9d2313a38f') in 0.027979 seconds
Number of updated asset objects reloaded before import = 0
Number of asset objects unloaded after import = 1
========================================================================
Received Import Request.
  Time since last request: 0.000077 seconds.
  path: Assets/AQUAS-Lite/Demo/DEMO.unity
  artifactKey: Guid(e1118907227ce9744a7cf18c2710396e) Importer(2089858483,0ecaa5967403d082aa24f35e1b516d23)
Start importing Assets/AQUAS-Lite/Demo/DEMO.unity using Guid(e1118907227ce9744a7cf18c2710396e) Importer(2089858483,0ecaa5967403d082aa24f35e1b516d23)  -> (artifact id: '98e80308cc33ea50dc8c5a4eda122354') in 0.003275 seconds
Number of updated asset objects reloaded before import = 0
Number of asset objects unloaded after import = 1
========================================================================
Received Import Request.
  Time since last request: 0.000293 seconds.
  path: Assets/_TerrainAutoUpgrade/layer_Cliffs608c3929b87867c.terrainlayer
  artifactKey: Guid(d05017fdc6ad04f9cab8020ad12f199e) Importer(2089858483,0ecaa5967403d082aa24f35e1b516d23)
Start importing Assets/_TerrainAutoUpgrade/layer_Cliffs608c3929b87867c.terrainlayer using Guid(d05017fdc6ad04f9cab8020ad12f199e) Importer(2089858483,0ecaa5967403d082aa24f35e1b516d23)  -> (artifact id: 'b97a20e5f7780a00b974a48dd9ed3143') in 0.008162 seconds
Number of updated asset objects reloaded before import = 0
Number of asset objects unloaded after import = 2
========================================================================
Received Import Request.
  Time since last request: 0.000107 seconds.
  path: Assets/AQUAS-Lite/Materials/AQUAS_Lite_Water_Backface.mat
  artifactKey: Guid(6363f60797ab0fb49b1ff852b0978304) Importer(2089858483,0ecaa5967403d082aa24f35e1b516d23)
Start importing Assets/AQUAS-Lite/Materials/AQUAS_Lite_Water_Backface.mat using Guid(6363f60797ab0fb49b1ff852b0978304) Importer(2089858483,0ecaa5967403d082aa24f35e1b516d23)  -> (artifact id: 'e415715a70f73d6266c0733365c4a347') in 0.165720 seconds
Number of updated asset objects reloaded before import = 0
Number of asset objects unloaded after import = 3
========================================================================
Received Import Request.
  Time since last request: 0.000112 seconds.
  path: Assets/AQUAS-Lite/Scripts/AQUAS_Lite_CamNav.cs
  artifactKey: Guid(25444af753bc0e745bd754d2d4e07afd) Importer(2089858483,0ecaa5967403d082aa24f35e1b516d23)
Start importing Assets/AQUAS-Lite/Scripts/AQUAS_Lite_CamNav.cs using Guid(25444af753bc0e745bd754d2d4e07afd) Importer(2089858483,0ecaa5967403d082aa24f35e1b516d23)  -> (artifact id: '182bd474f89d0643915213eb3904a9f1') in 0.010032 seconds
Number of updated asset objects reloaded before import = 0
Number of asset objects unloaded after import = 1
========================================================================
Received Import Request.
  Time since last request: 0.000116 seconds.
  path: Assets/AQUAS-Lite/Demo/Textures/Grass.jpg
  artifactKey: Guid(34429bd1432eead4281c991a7f86aec7) Importer(2089858483,0ecaa5967403d082aa24f35e1b516d23)
Start importing Assets/AQUAS-Lite/Demo/Textures/Grass.jpg using Guid(34429bd1432eead4281c991a7f86aec7) Importer(2089858483,0ecaa5967403d082aa24f35e1b516d23)  -> (artifact id: '157e281eae935713b74308396df323e5') in 0.027388 seconds
Number of updated asset objects reloaded before import = 0
Number of asset objects unloaded after import = 1
========================================================================
Received Import Request.
  Time since last request: 0.000155 seconds.
  path: Assets/AQUAS-Lite/Demo/Textures/Grass_normal.jpg
  artifactKey: Guid(90b846a0f2d470248a7f4e706a1ef73a) Importer(2089858483,0ecaa5967403d082aa24f35e1b516d23)
Start importing Assets/AQUAS-Lite/Demo/Textures/Grass_normal.jpg using Guid(90b846a0f2d470248a7f4e706a1ef73a) Importer(2089858483,0ecaa5967403d082aa24f35e1b516d23)  -> (artifact id: '1752e59c0c116bf04e5833980a331ef2') in 0.026552 seconds
Number of updated asset objects reloaded before import = 0
Number of asset objects unloaded after import = 1
========================================================================
Received Import Request.
  Time since last request: 0.000187 seconds.
  path: Assets/AQUAS-Lite/Prefabs/WaterPlane.prefab
  artifactKey: Guid(6488b6e6bbe8a9c4585b531a71d8211c) Importer(2089858483,0ecaa5967403d082aa24f35e1b516d23)
Start importing Assets/AQUAS-Lite/Prefabs/WaterPlane.prefab using Guid(6488b6e6bbe8a9c4585b531a71d8211c) Importer(2089858483,0ecaa5967403d082aa24f35e1b516d23)  -> (artifact id: 'a1adf5e920f34938abf19f2ec4736e9d') in 0.042763 seconds
Number of updated asset objects reloaded before import = 0
Number of asset objects unloaded after import = 11
Editor requested this worker to shutdown with reason: Scaling down because of idle timeout
TcpMessagingSession - receive error: operation aborted. errorcode: 89, details: Operation aborted.
AssetImportWorker is now disconnected from the server
Process exiting
